{"D:\\Mbx\\JEST-START\\app.js": {"path":"D:\\Mbx\\JEST-START\\app.js","statementMap":{"0":{"start":{"line":9,"column":16},"end":{"line":9,"column":34}},"1":{"start":{"line":10,"column":15},"end":{"line":10,"column":32}},"2":{"start":{"line":11,"column":13},"end":{"line":11,"column":28}},"3":{"start":{"line":12,"column":27},"end":{"line":12,"column":65}},"4":{"start":{"line":14,"column":0},"end":{"line":14,"column":16}},"5":{"start":{"line":15,"column":12},"end":{"line":15,"column":21}},"6":{"start":{"line":17,"column":18},"end":{"line":25,"column":1}},"7":{"start":{"line":19,"column":8},"end":{"line":23,"column":9}},"8":{"start":{"line":20,"column":12},"end":{"line":20,"column":33}},"9":{"start":{"line":22,"column":12},"end":{"line":22,"column":55}},"10":{"start":{"line":27,"column":0},"end":{"line":27,"column":27}},"11":{"start":{"line":28,"column":0},"end":{"line":28,"column":30}},"12":{"start":{"line":29,"column":0},"end":{"line":29,"column":47}},"13":{"start":{"line":30,"column":0},"end":{"line":30,"column":48}},"14":{"start":{"line":31,"column":0},"end":{"line":31,"column":24}},"15":{"start":{"line":32,"column":0},"end":{"line":32,"column":44}},"16":{"start":{"line":34,"column":13},"end":{"line":34,"column":37}},"17":{"start":{"line":37,"column":0},"end":{"line":41,"column":1}},"18":{"start":{"line":38,"column":4},"end":{"line":40,"column":7}},"19":{"start":{"line":39,"column":28},"end":{"line":39,"column":116}},"20":{"start":{"line":43,"column":0},"end":{"line":43,"column":21}},"21":{"start":{"line":55,"column":85},"end":{"line":55,"column":40021}},"22":{"start":{"line":55,"column":89},"end":{"line":55,"column":40010}}},"fnMap":{"0":{"name":"(anonymous_0)","decl":{"start":{"line":18,"column":12},"end":{"line":18,"column":13}},"loc":{"start":{"line":18,"column":40},"end":{"line":24,"column":5}},"line":18},"1":{"name":"(anonymous_1)","decl":{"start":{"line":38,"column":21},"end":{"line":38,"column":22}},"loc":{"start":{"line":38,"column":27},"end":{"line":40,"column":5}},"line":38},"2":{"name":"oo_cm","decl":{"start":{"line":55,"column":77},"end":{"line":55,"column":82}},"loc":{"start":{"line":55,"column":84},"end":{"line":55,"column":40022}},"line":55}},"branchMap":{"0":{"loc":{"start":{"line":19,"column":8},"end":{"line":23,"column":9}},"type":"if","locations":[{"start":{"line":19,"column":8},"end":{"line":23,"column":9}},{"start":{"line":21,"column":15},"end":{"line":23,"column":9}}],"line":19},"1":{"loc":{"start":{"line":19,"column":12},"end":{"line":19,"column":38}},"type":"binary-expr","locations":[{"start":{"line":19,"column":12},"end":{"line":19,"column":19}},{"start":{"line":19,"column":24},"end":{"line":19,"column":37}}],"line":19},"2":{"loc":{"start":{"line":34,"column":13},"end":{"line":34,"column":37}},"type":"binary-expr","locations":[{"start":{"line":34,"column":13},"end":{"line":34,"column":29}},{"start":{"line":34,"column":33},"end":{"line":34,"column":37}}],"line":34},"3":{"loc":{"start":{"line":37,"column":0},"end":{"line":41,"column":1}},"type":"if","locations":[{"start":{"line":37,"column":0},"end":{"line":41,"column":1}},{"start":{},"end":{}}],"line":37},"4":{"loc":{"start":{"line":55,"column":96},"end":{"line":55,"column":40009}},"type":"binary-expr","locations":[{"start":{"line":55,"column":96},"end":{"line":55,"column":133}},{"start":{"line":55,"column":137},"end":{"line":55,"column":40009}}],"line":55}},"s":{"0":1,"1":1,"2":1,"3":1,"4":1,"5":1,"6":1,"7":3,"8":3,"9":0,"10":1,"11":1,"12":1,"13":1,"14":1,"15":1,"16":1,"17":1,"18":0,"19":0,"20":1,"21":0,"22":0},"f":{"0":3,"1":0,"2":0},"b":{"0":[3,0],"1":[3,0],"2":[1,0],"3":[0,1],"4":[0,0]},"_coverageSchema":"1a1c01bbd47fc00a2c39e90264f33305004495a9","hash":"892107596d4f15564b18dc1d94c0b771090fc9ad"}
,"D:\\Mbx\\JEST-START\\controllers\\utilisateur.controller.js": {"path":"D:\\Mbx\\JEST-START\\controllers\\utilisateur.controller.js","statementMap":{"0":{"start":{"line":1,"column":20},"end":{"line":1,"column":52}},"1":{"start":{"line":4,"column":26},"end":{"line":22,"column":3}},"2":{"start":{"line":5,"column":4},"end":{"line":21,"column":5}},"3":{"start":{"line":6,"column":37},"end":{"line":6,"column":45}},"4":{"start":{"line":8,"column":19},"end":{"line":8,"column":33}},"5":{"start":{"line":10,"column":26},"end":{"line":15,"column":8}},"6":{"start":{"line":17,"column":6},"end":{"line":17,"column":40}},"7":{"start":{"line":20,"column":26},"end":{"line":20,"column":81}},"8":{"start":{"line":24,"column":18},"end":{"line":34,"column":3}},"9":{"start":{"line":25,"column":4},"end":{"line":33,"column":5}},"10":{"start":{"line":26,"column":21},"end":{"line":26,"column":56}},"11":{"start":{"line":27,"column":6},"end":{"line":30,"column":9}},"12":{"start":{"line":32,"column":26},"end":{"line":32,"column":80}},"13":{"start":{"line":36,"column":28},"end":{"line":55,"column":1}},"14":{"start":{"line":37,"column":31},"end":{"line":37,"column":41}},"15":{"start":{"line":38,"column":35},"end":{"line":38,"column":43}},"16":{"start":{"line":40,"column":4},"end":{"line":54,"column":5}},"17":{"start":{"line":41,"column":24},"end":{"line":44,"column":9}},"18":{"start":{"line":46,"column":8},"end":{"line":49,"column":9}},"19":{"start":{"line":47,"column":32},"end":{"line":47,"column":74}},"20":{"start":{"line":48,"column":12},"end":{"line":48,"column":53}},"21":{"start":{"line":50,"column":8},"end":{"line":50,"column":50}},"22":{"start":{"line":52,"column":28},"end":{"line":52,"column":83}},"23":{"start":{"line":53,"column":8},"end":{"line":53,"column":64}},"24":{"start":{"line":57,"column":2},"end":{"line":68,"column":68}},"25":{"start":{"line":68,"column":85},"end":{"line":68,"column":40021}},"26":{"start":{"line":68,"column":89},"end":{"line":68,"column":40010}}},"fnMap":{"0":{"name":"(anonymous_0)","decl":{"start":{"line":4,"column":26},"end":{"line":4,"column":27}},"loc":{"start":{"line":4,"column":46},"end":{"line":22,"column":3}},"line":4},"1":{"name":"(anonymous_1)","decl":{"start":{"line":24,"column":18},"end":{"line":24,"column":19}},"loc":{"start":{"line":24,"column":38},"end":{"line":34,"column":3}},"line":24},"2":{"name":"(anonymous_2)","decl":{"start":{"line":36,"column":28},"end":{"line":36,"column":29}},"loc":{"start":{"line":36,"column":48},"end":{"line":55,"column":1}},"line":36},"3":{"name":"oo_cm","decl":{"start":{"line":68,"column":77},"end":{"line":68,"column":82}},"loc":{"start":{"line":68,"column":84},"end":{"line":68,"column":40022}},"line":68}},"branchMap":{"0":{"loc":{"start":{"line":46,"column":8},"end":{"line":49,"column":9}},"type":"if","locations":[{"start":{"line":46,"column":8},"end":{"line":49,"column":9}},{"start":{},"end":{}}],"line":46},"1":{"loc":{"start":{"line":68,"column":96},"end":{"line":68,"column":40009}},"type":"binary-expr","locations":[{"start":{"line":68,"column":96},"end":{"line":68,"column":133}},{"start":{"line":68,"column":137},"end":{"line":68,"column":40009}}],"line":68}},"s":{"0":1,"1":1,"2":1,"3":1,"4":1,"5":1,"6":1,"7":0,"8":1,"9":1,"10":1,"11":1,"12":0,"13":1,"14":1,"15":1,"16":1,"17":1,"18":1,"19":1,"20":1,"21":0,"22":0,"23":0,"24":1,"25":0,"26":0},"f":{"0":1,"1":1,"2":1,"3":0},"b":{"0":[1,0],"1":[0,0]},"_coverageSchema":"1a1c01bbd47fc00a2c39e90264f33305004495a9","hash":"2e430829901f20e85507a3c7f91b502a38811077"}
,"D:\\Mbx\\JEST-START\\models\\Utilisateur.js": {"path":"D:\\Mbx\\JEST-START\\models\\Utilisateur.js","statementMap":{"0":{"start":{"line":1,"column":22},"end":{"line":1,"column":42}},"1":{"start":{"line":2,"column":18},"end":{"line":2,"column":47}},"2":{"start":{"line":3,"column":20},"end":{"line":39,"column":1}},"3":{"start":{"line":42,"column":0},"end":{"line":42,"column":29}}},"fnMap":{},"branchMap":{},"s":{"0":1,"1":1,"2":1,"3":1},"f":{},"b":{},"_coverageSchema":"1a1c01bbd47fc00a2c39e90264f33305004495a9","hash":"e7a666bbf45249a29b2db8fde8bc107583dd590e"}
,"D:\\Mbx\\JEST-START\\routes\\utilisateur.routes.js": {"path":"D:\\Mbx\\JEST-START\\routes\\utilisateur.routes.js","statementMap":{"0":{"start":{"line":1,"column":16},"end":{"line":1,"column":34}},"1":{"start":{"line":2,"column":27},"end":{"line":2,"column":45}},"2":{"start":{"line":3,"column":31},"end":{"line":3,"column":79}},"3":{"start":{"line":5,"column":0},"end":{"line":5,"column":81}},"4":{"start":{"line":6,"column":0},"end":{"line":7,"column":97}},"5":{"start":{"line":11,"column":0},"end":{"line":11,"column":35}}},"fnMap":{},"branchMap":{},"s":{"0":1,"1":1,"2":1,"3":1,"4":1,"5":1},"f":{},"b":{},"_coverageSchema":"1a1c01bbd47fc00a2c39e90264f33305004495a9","hash":"3c166d041f6094f6af63d2b2bcd0dd860f089429"}
,"D:\\Mbx\\JEST-START\\utils\\sequilize.js": {"path":"D:\\Mbx\\JEST-START\\utils\\sequilize.js","statementMap":{"0":{"start":{"line":1,"column":22},"end":{"line":1,"column":42}},"1":{"start":{"line":2,"column":15},"end":{"line":2,"column":32}},"2":{"start":{"line":3,"column":0},"end":{"line":3,"column":15}},"3":{"start":{"line":4,"column":18},"end":{"line":11,"column":2}},"4":{"start":{"line":12,"column":0},"end":{"line":12,"column":26}}},"fnMap":{},"branchMap":{"0":{"loc":{"start":{"line":9,"column":7},"end":{"line":9,"column":55}},"type":"cond-expr","locations":[{"start":{"line":9,"column":29},"end":{"line":9,"column":48}},{"start":{"line":9,"column":51},"end":{"line":9,"column":55}}],"line":9}},"s":{"0":1,"1":1,"2":1,"3":1,"4":1},"f":{},"b":{"0":[0,1]},"_coverageSchema":"1a1c01bbd47fc00a2c39e90264f33305004495a9","hash":"518109730bf05743cc9cab2390eeca15dd4378bb"}
}
