TN:
SF:app.js
FN:18,(anonymous_0)
FN:38,(anonymous_1)
FN:55,oo_cm
FNF:3
FNH:1
FNDA:3,(anonymous_0)
FNDA:0,(anonymous_1)
FNDA:0,oo_cm
DA:9,1
DA:10,1
DA:11,1
DA:12,1
DA:14,1
DA:15,1
DA:17,1
DA:19,3
DA:20,3
DA:22,0
DA:27,1
DA:28,1
DA:29,1
DA:30,1
DA:31,1
DA:32,1
DA:34,1
DA:37,1
DA:38,0
DA:39,0
DA:43,1
DA:55,0
LF:22
LH:18
BRDA:19,0,0,3
BRDA:19,0,1,0
BRDA:19,1,0,3
BRDA:19,1,1,0
BRDA:34,2,0,1
BRDA:34,2,1,0
BRDA:37,3,0,0
BRDA:37,3,1,1
BRDA:55,4,0,0
BRDA:55,4,1,0
BRF:10
BRH:4
end_of_record
TN:
SF:controllers\utilisateur.controller.js
FN:4,(anonymous_0)
FN:24,(anonymous_1)
FN:36,(anonymous_2)
FN:68,oo_cm
FNF:4
FNH:3
FNDA:1,(anonymous_0)
FNDA:1,(anonymous_1)
FNDA:1,(anonymous_2)
FNDA:0,oo_cm
DA:1,1
DA:4,1
DA:5,1
DA:6,1
DA:8,1
DA:10,1
DA:17,1
DA:20,0
DA:24,1
DA:25,1
DA:26,1
DA:27,1
DA:32,0
DA:36,1
DA:37,1
DA:38,1
DA:40,1
DA:41,1
DA:46,1
DA:47,1
DA:48,1
DA:50,0
DA:52,0
DA:53,0
DA:57,1
DA:68,0
LF:26
LH:20
BRDA:46,0,0,1
BRDA:46,0,1,0
BRDA:68,1,0,0
BRDA:68,1,1,0
BRF:4
BRH:1
end_of_record
TN:
SF:models\Utilisateur.js
FNF:0
FNH:0
DA:1,1
DA:2,1
DA:3,1
DA:42,1
LF:4
LH:4
BRF:0
BRH:0
end_of_record
TN:
SF:routes\utilisateur.routes.js
FNF:0
FNH:0
DA:1,1
DA:2,1
DA:3,1
DA:5,1
DA:6,1
DA:11,1
LF:6
LH:6
BRF:0
BRH:0
end_of_record
TN:
SF:utils\sequilize.js
FNF:0
FNH:0
DA:1,1
DA:2,1
DA:3,1
DA:4,1
DA:12,1
LF:5
LH:5
BRDA:9,0,0,0
BRDA:9,0,1,1
BRF:2
BRH:1
end_of_record
